2024-12-19 11:49:18,524 - INFO - Démarrage du moniteur de crypto...
2024-12-19 11:49:18,780 - INFO - Prix actuels: {'bitcoin': {'usd': 102461}, 'ethereum': {'usd': 3712.4}}
2024-12-19 11:49:48,857 - INFO - Prix actuels: {'bitcoin': {'usd': 102461}, 'ethereum': {'usd': 3712.4}}
2024-12-19 11:49:48,857 - INFO - BITCOIN: 102461$ (0.00%)
2024-12-19 11:49:48,857 - INFO - ETHEREUM: 3712.4$ (0.00%)
2024-12-19 11:49:49,684 - INFO - Arrêt du programme...
2024-12-19 11:50:08,068 - INFO - Démarrage du moniteur de crypto...
2024-12-19 11:50:08,134 - INFO - Prix actuels: {'bitcoin': {'usd': 102461}, 'ethereum': {'usd': 3712.4}}
2024-12-19 11:50:38,221 - INFO - Prix actuels: {'bitcoin': {'usd': 102461}, 'ethereum': {'usd': 3712.4}}
2024-12-19 11:50:38,222 - INFO - BITCOIN: 102461$ (0.00%)
2024-12-19 11:50:38,223 - INFO - ETHEREUM: 3712.4$ (0.00%)
2024-12-19 11:51:08,284 - INFO - Prix actuels: {'bitcoin': {'usd': 102461}, 'ethereum': {'usd': 3712.4}}
2024-12-19 11:51:08,285 - INFO - BITCOIN: 102461$ (0.00%)
2024-12-19 11:51:08,285 - INFO - ETHEREUM: 3712.4$ (0.00%)
2024-12-19 11:51:38,334 - INFO - Prix actuels: {'bitcoin': {'usd': 102461}, 'ethereum': {'usd': 3712.4}}
2024-12-19 11:51:38,334 - INFO - BITCOIN: 102461$ (0.00%)
2024-12-19 11:51:38,334 - INFO - ETHEREUM: 3712.4$ (0.00%)
2024-12-19 11:52:08,408 - INFO - Prix actuels: {'bitcoin': {'usd': 102461}, 'ethereum': {'usd': 3712.4}}
2024-12-19 11:52:08,409 - INFO - BITCOIN: 102461$ (0.00%)
2024-12-19 11:52:08,409 - INFO - ETHEREUM: 3712.4$ (0.00%)
2024-12-19 11:52:15,058 - INFO - Arrêt du programme...
Starting Crypto Price Monitor...
Current prices: {'bitcoin': {'usd': 102461}, 'ethereum': {'usd': 3712.4}}
[11:52:29] BITCOIN: $102,461.00
[11:52:29] ETHEREUM: $3,712.40
Current prices: {'bitcoin': {'usd': 102461}, 'ethereum': {'usd': 3712.4}}
[11:52:34] BITCOIN: $102,461.00 (0.00%)
[11:52:34] ETHEREUM: $3,712.40 (0.00%)
Current prices: {'bitcoin': {'usd': 102461}, 'ethereum': {'usd': 3712.4}}
[11:52:39] BITCOIN: $102,461.00 (0.00%)
[11:52:39] ETHEREUM: $3,712.40 (0.00%)
